 
Running extract...
TOP LAYOUT: user_analog_project_wrapper
LAYOUT FILE: /run/media/thuat/build/cmos/MulColRO/gds/user_analog_project_wrapper.gds
EXTRACT_FLATGLOB: *sky130_fd_pr__*[A-Z]*
EXTRACT_ABSTRACT: *__fill_*
 *__fakediode_*
 *__tapvpwrvgnd_*
WORK_ROOT   : /run/media/thuat/build/cmos/MulColRO/precheck_results/23_SEP_2023___09_48_43/tmp
LOG_ROOT    : /run/media/thuat/build/cmos/MulColRO/precheck_results/23_SEP_2023___09_48_43/logs
SIGNOFF_ROOT: /run/media/thuat/build/cmos/MulColRO/precheck_results/23_SEP_2023___09_48_43/outputs/reports
LOG FILE: /run/media/thuat/build/cmos/MulColRO/precheck_results/23_SEP_2023___09_48_43/logs/ext.log
Tech files do not match:
grep: /run/media/thuat/build/cmos/MulColRO/dependencies/pdks/sky130A/libs.tech/magic/sky130A.tech: No such file or directory
/home/thuat/mpw_precheck/checks/be_checks//tech/sky130A/sky130A.tech: version 1.0.393-0-ge6f9c88
Results may be incorrect. Contact efabless to update the soft connection rules.
Extracting to /run/media/thuat/build/cmos/MulColRO/precheck_results/23_SEP_2023___09_48_43/tmp/ext
 
CIFIN_STYLE: 
EXTRACT_STYLE: 

Magic 8.3 revision 420 - Compiled on Fri Sep  8 02:05:00 UTC 2023.
Starting magic under Tcl interpreter
Using the terminal as the console.
Using NULL graphics device.
Processing system .magicrc file
Sourcing design magicrc.well for technology sky130A ...
2 Magic internal units = 1 Lambda
Input style sky130(): scaleFactor=2, multiplier=2
The following types are not handled by extraction and will be treated as non-electrical types:
    ubm 
Scaled tech values by 2 / 1 to match internal grid scaling
Loading "/home/thuat/mpw_precheck/checks/be_checks//scripts/gds.analog.spice.tcl" from command line.
Extracting with top ports connected by name (analog)
CIF input style is now "sky130()"
Flattening {*sky130_fd_pr__*[A-Z]*}
Extracting /run/media/thuat/build/cmos/MulColRO/gds/user_analog_project_wrapper.gds
Warning: Calma reading is not undoable!  I hope that's OK.
Error while reading cell "(UNNAMED)" (byte position 4): Unexpected record type in input: 
    Expected HEADER record but got SREF.
freeMagic called with NULL argument.
Cell user_analog_project_wrapper couldn't be read
No such file or directory
Creating new cell
The following types are not handled by extraction and will be treated as non-electrical types:
    ubm 
Extraction style is now "ngspice()"
Using technology "sky130A", version 1.0.393-0-ge6f9c88

Error: extraction did not complete successfully
