BEGIN: Sat 23 Sep 2023 09:50:01 AM UTC
Extracting as analog. Top ports connected by name.

Magic 8.3 revision 420 - Compiled on Fri Sep  8 02:05:00 UTC 2023.
Starting magic under Tcl interpreter
Using the terminal as the console.
Using NULL graphics device.
Processing system .magicrc file
Sourcing design magicrc.well for technology sky130A ...
2 Magic internal units = 1 Lambda
Input style sky130(): scaleFactor=2, multiplier=2
The following types are not handled by extraction and will be treated as non-electrical types:
    ubm 
Scaled tech values by 2 / 1 to match internal grid scaling
Loading "/home/thuat/mpw_precheck/checks/be_checks//scripts/gds.analog.spice.tcl" from command line.
Extracting with top ports connected by name (analog)
Input style sky130(nowell): scaleFactor=2, multiplier=2
CIF input style is now "sky130(nowell)"
Flattening {*sky130_fd_pr__*[A-Z]*}
Extracting /run/media/thuat/build/cmos/MulColRO/gds/user_analog_project_wrapper.gds
Warning: Calma reading is not undoable!  I hope that's OK.
Creating new cell
The following types are not handled by extraction and will be treated as non-electrical types:
    ubm 
Extraction style is now "ngspice(nowell)"
Using technology "sky130A", version 1.0.393-0-ge6f9c88
END: Sat 23 Sep 2023 09:50:01 AM UTC
Runtime: 0:00:00 (hh:mm:ss)
